# JRE version: OpenJDK Runtime Environment Microsoft-13106358 (17.0.18+8) (build 17.0.18+8-LTS)
# Java VM: OpenJDK 64-Bit Server VM Microsoft-13106358 (17.0.18+8-LTS, mixed mode, sharing, tiered, compressed oops, compressed class ptrs, g1 gc, windows-amd64)
GC Precious Log:
 CPUs: 12 total, 12 available
 Memory: 7583M
 Large Page Support: Disabled
 NUMA Support: Disabled
 Compressed Oops: Enabled (32-bit)
 Heap Region Size: 1M
 Heap Min Capacity: 8M
 Heap Initial Capacity: 120M
 Heap Max Capacity: 1896M
 Pre-touch: Disabled
 Parallel Workers: 10
 Concurrent Workers: 3
 Concurrent Refinement Workers: 10
 Periodic GC: Disabled
Heap:
 garbage-first heap   total 131072K, used 54664K [0x0000000089800000, 0x0000000100000000)
  region size 1024K, 1 young (1024K), 1 survivors (1024K)
 Metaspace       used 29778K, committed 30016K, reserved 1114112K
  class space    used 3923K, committed 4032K, reserved 1048576K
GC Heap History (20 events):
Event: 20.016 GC heap after
{Heap after GC invocations=3 (full 0):
 garbage-first heap   total 122880K, used 15099K [0x0000000089800000, 0x0000000100000000)
  region size 1024K, 8 young (8192K), 8 survivors (8192K)
 Metaspace       used 21309K, committed 21504K, reserved 1114112K
  class space    used 2775K, committed 2880K, reserved 1048576K
}
Event: 26.342 GC heap before
{Heap before GC invocations=4 (full 0):
 garbage-first heap   total 86016K, used 84731K [0x0000000089800000, 0x0000000100000000)
  region size 1024K, 33 young (33792K), 8 survivors (8192K)
 Metaspace       used 25331K, committed 25600K, reserved 1114112K
  class space    used 3517K, committed 3648K, reserved 1048576K
}
Event: 26.356 GC heap after
{Heap after GC invocations=5 (full 0):
 garbage-first heap   total 98304K, used 53810K [0x0000000089800000, 0x0000000100000000)
  region size 1024K, 4 young (4096K), 4 survivors (4096K)
 Metaspace       used 25331K, committed 25600K, reserved 1114112K
  class space    used 3517K, committed 3648K, reserved 1048576K
}
Event: 27.924 GC heap before
{Heap before GC invocations=5 (full 0):
 garbage-first heap   total 98304K, used 53810K [0x0000000089800000, 0x0000000100000000)
  region size 1024K, 5 young (5120K), 4 survivors (4096K)
 Metaspace       used 25492K, committed 25728K, reserved 1114112K
  class space    used 3528K, committed 3648K, reserved 1048576K
}
Event: 27.927 GC heap after
{Heap after GC invocations=6 (full 0):
 garbage-first heap   total 98304K, used 54348K [0x0000000089800000, 0x0000000100000000)
  region size 1024K, 1 young (1024K), 1 survivors (1024K)
 Metaspace       used 25492K, committed 25728K, reserved 1114112K
  class space    used 3528K, committed 3648K, reserved 1048576K
}
Event: 29.652 GC heap before
{Heap before GC invocations=6 (full 0):
 garbage-first heap   total 98304K, used 59468K [0x0000000089800000, 0x0000000100000000)
  region size 1024K, 8 young (8192K), 1 survivors (1024K)
 Metaspace       used 28669K, committed 28928K, reserved 1114112K
  class space    used 3836K, committed 3968K, reserved 1048576K
}
Event: 29.654 GC heap after
{Heap after GC invocations=7 (full 0):
 garbage-first heap   total 98304K, used 54208K [0x0000000089800000, 0x0000000100000000)
  region size 1024K, 1 young (1024K), 1 survivors (1024K)
 Metaspace       used 28669K, committed 28928K, reserved 1114112K
  class space    used 3836K, committed 3968K, reserved 1048576K
}
Event: 29.768 GC heap before
{Heap before GC invocations=8 (full 0):
 garbage-first heap   total 98304K, used 52160K [0x0000000089800000, 0x0000000100000000)
  region size 1024K, 3 young (3072K), 1 survivors (1024K)
 Metaspace       used 28870K, committed 29120K, reserved 1114112K
  class space    used 3854K, committed 3968K, reserved 1048576K
}
Event: 29.770 GC heap after
{Heap after GC invocations=9 (full 0):
 garbage-first heap   total 98304K, used 50101K [0x0000000089800000, 0x0000000100000000)
  region size 1024K, 1 young (1024K), 1 survivors (1024K)
 Metaspace       used 28870K, committed 29120K, reserved 1114112K
  class space    used 3854K, committed 3968K, reserved 1048576K
}
Event: 29.815 GC heap before
{Heap before GC invocations=10 (full 0):
 garbage-first heap   total 98304K, used 54197K [0x0000000089800000, 0x0000000100000000)
  region size 1024K, 3 young (3072K), 1 survivors (1024K)
 Metaspace       used 29372K, committed 29632K, reserved 1114112K
  class space    used 3909K, committed 4032K, reserved 1048576K
}
Event: 29.817 GC heap after
{Heap after GC invocations=11 (full 0):
 garbage-first heap   total 98304K, used 53246K [0x0000000089800000, 0x0000000100000000)
  region size 1024K, 1 young (1024K), 1 survivors (1024K)
 Metaspace       used 29372K, committed 29632K, reserved 1114112K
  class space    used 3909K, committed 4032K, reserved 1048576K
}
Event: 31.573 GC heap before
{Heap before GC invocations=12 (full 0):
 garbage-first heap   total 98304K, used 60414K [0x0000000089800000, 0x0000000100000000)
  region size 1024K, 8 young (8192K), 1 survivors (1024K)
 Metaspace       used 29777K, committed 30016K, reserved 1114112K
  class space    used 3923K, committed 4032K, reserved 1048576K
}
Event: 31.575 GC heap after
{Heap after GC invocations=13 (full 0):
 garbage-first heap   total 118784K, used 54672K [0x0000000089800000, 0x0000000100000000)
  region size 1024K, 1 young (1024K), 1 survivors (1024K)
 Metaspace       used 29777K, committed 30016K, reserved 1114112K
  class space    used 3923K, committed 4032K, reserved 1048576K
}
Event: 31.641 GC heap before
{Heap before GC invocations=14 (full 0):
 garbage-first heap   total 118784K, used 60816K [0x0000000089800000, 0x0000000100000000)
  region size 1024K, 4 young (4096K), 1 survivors (1024K)
 Metaspace       used 29778K, committed 30016K, reserved 1114112K
  class space    used 3923K, committed 4032K, reserved 1048576K
}
Event: 31.643 GC heap after
{Heap after GC invocations=15 (full 0):
 garbage-first heap   total 118784K, used 54693K [0x0000000089800000, 0x0000000100000000)
  region size 1024K, 1 young (1024K), 1 survivors (1024K)
 Metaspace       used 29778K, committed 30016K, reserved 1114112K
  class space    used 3923K, committed 4032K, reserved 1048576K
}
Event: 31.703 GC heap before
{Heap before GC invocations=16 (full 0):
 garbage-first heap   total 118784K, used 60837K [0x0000000089800000, 0x0000000100000000)
  region size 1024K, 3 young (3072K), 1 survivors (1024K)
 Metaspace       used 29778K, committed 30016K, reserved 1114112K
  class space    used 3923K, committed 4032K, reserved 1048576K
}
Event: 31.705 GC heap after
{Heap after GC invocations=17 (full 0):
 garbage-first heap   total 118784K, used 54683K [0x0000000089800000, 0x0000000100000000)
  region size 1024K, 1 young (1024K), 1 survivors (1024K)
 Metaspace       used 29778K, committed 30016K, reserved 1114112K
  class space    used 3923K, committed 4032K, reserved 1048576K
}
Event: 31.736 GC heap before
{Heap before GC invocations=18 (full 0):
 garbage-first heap   total 118784K, used 60827K [0x0000000089800000, 0x0000000100000000)
  region size 1024K, 3 young (3072K), 1 survivors (1024K)
 Metaspace       used 29778K, committed 30016K, reserved 1114112K
  class space    used 3923K, committed 4032K, reserved 1048576K
}
Event: 31.738 GC heap after
{Heap after GC invocations=19 (full 0):
 garbage-first heap   total 118784K, used 54695K [0x0000000089800000, 0x0000000100000000)
  region size 1024K, 1 young (1024K), 1 survivors (1024K)
 Metaspace       used 29778K, committed 30016K, reserved 1114112K
  class space    used 3923K, committed 4032K, reserved 1048576K
}
Event: 31.796 GC heap before
{Heap before GC invocations=20 (full 0):
 garbage-first heap   total 118784K, used 60839K [0x0000000089800000, 0x0000000100000000)
  region size 1024K, 3 young (3072K), 1 survivors (1024K)
 Metaspace       used 29778K, committed 30016K, reserved 1114112K
  class space    used 3923K, committed 4032K, reserved 1048576K
}

