# JRE version: OpenJDK Runtime Environment Microsoft-13106358 (17.0.18+8) (build 17.0.18+8-LTS)
# Java VM: OpenJDK 64-Bit Server VM Microsoft-13106358 (17.0.18+8-LTS, mixed mode, sharing, tiered, compressed oops, compressed class ptrs, g1 gc, windows-amd64)
GC Precious Log:
 CPUs: 12 total, 12 available
 Memory: 7583M
 Large Page Support: Disabled
 NUMA Support: Disabled
 Compressed Oops: Enabled (32-bit)
 Heap Region Size: 1M
 Heap Min Capacity: 8M
 Heap Initial Capacity: 120M
 Heap Max Capacity: 1896M
 Pre-touch: Disabled
 Parallel Workers: 10
 Concurrent Workers: 3
 Concurrent Refinement Workers: 10
 Periodic GC: Disabled
Heap:
 garbage-first heap   total 199680K, used 122920K [0x0000000089800000, 0x0000000100000000)
  region size 1024K, 12 young (12288K), 5 survivors (5120K)
 Metaspace       used 35471K, committed 35776K, reserved 1114112K
  class space    used 5000K, committed 5184K, reserved 1048576K
GC Heap History (20 events):
Event: 18.234 GC heap before
{Heap before GC invocations=21 (full 0):
 garbage-first heap   total 116736K, used 90520K [0x0000000089800000, 0x0000000100000000)
  region size 1024K, 33 young (33792K), 3 survivors (3072K)
 Metaspace       used 30474K, committed 30784K, reserved 1114112K
  class space    used 4322K, committed 4480K, reserved 1048576K
}
Event: 18.242 GC heap after
{Heap after GC invocations=22 (full 0):
 garbage-first heap   total 116736K, used 65356K [0x0000000089800000, 0x0000000100000000)
  region size 1024K, 5 young (5120K), 5 survivors (5120K)
 Metaspace       used 30474K, committed 30784K, reserved 1114112K
  class space    used 4322K, committed 4480K, reserved 1048576K
}
Event: 18.539 GC heap before
{Heap before GC invocations=23 (full 0):
 garbage-first heap   total 116736K, used 78668K [0x0000000089800000, 0x0000000100000000)
  region size 1024K, 19 young (19456K), 5 survivors (5120K)
 Metaspace       used 32239K, committed 32512K, reserved 1114112K
  class space    used 4555K, committed 4672K, reserved 1048576K
}
Event: 18.548 GC heap after
{Heap after GC invocations=24 (full 0):
 garbage-first heap   total 116736K, used 68552K [0x0000000089800000, 0x0000000100000000)
  region size 1024K, 3 young (3072K), 3 survivors (3072K)
 Metaspace       used 32239K, committed 32512K, reserved 1114112K
  class space    used 4555K, committed 4672K, reserved 1048576K
}
Event: 18.644 GC heap before
{Heap before GC invocations=25 (full 0):
 garbage-first heap   total 135168K, used 80840K [0x0000000089800000, 0x0000000100000000)
  region size 1024K, 4 young (4096K), 3 survivors (3072K)
 Metaspace       used 32245K, committed 32512K, reserved 1114112K
  class space    used 4555K, committed 4672K, reserved 1048576K
}
Event: 18.647 GC heap after
{Heap after GC invocations=26 (full 0):
 garbage-first heap   total 135168K, used 81349K [0x0000000089800000, 0x0000000100000000)
  region size 1024K, 1 young (1024K), 1 survivors (1024K)
 Metaspace       used 32245K, committed 32512K, reserved 1114112K
  class space    used 4555K, committed 4672K, reserved 1048576K
}
Event: 18.711 GC heap before
{Heap before GC invocations=27 (full 0):
 garbage-first heap   total 142336K, used 83397K [0x0000000089800000, 0x0000000100000000)
  region size 1024K, 3 young (3072K), 1 survivors (1024K)
 Metaspace       used 32245K, committed 32512K, reserved 1114112K
  class space    used 4555K, committed 4672K, reserved 1048576K
}
Event: 18.714 GC heap after
{Heap after GC invocations=28 (full 0):
 garbage-first heap   total 142336K, used 83736K [0x0000000089800000, 0x0000000100000000)
  region size 1024K, 1 young (1024K), 1 survivors (1024K)
 Metaspace       used 32245K, committed 32512K, reserved 1114112K
  class space    used 4555K, committed 4672K, reserved 1048576K
}
Event: 18.755 GC heap before
{Heap before GC invocations=29 (full 0):
 garbage-first heap   total 145408K, used 85784K [0x0000000089800000, 0x0000000100000000)
  region size 1024K, 2 young (2048K), 1 survivors (1024K)
 Metaspace       used 32245K, committed 32512K, reserved 1114112K
  class space    used 4555K, committed 4672K, reserved 1048576K
}
Event: 18.758 GC heap after
{Heap after GC invocations=30 (full 0):
 garbage-first heap   total 145408K, used 86892K [0x0000000089800000, 0x0000000100000000)
  region size 1024K, 2 young (2048K), 2 survivors (2048K)
 Metaspace       used 32245K, committed 32512K, reserved 1114112K
  class space    used 4555K, committed 4672K, reserved 1048576K
}
Event: 18.807 GC heap before
{Heap before GC invocations=31 (full 0):
 garbage-first heap   total 155648K, used 96108K [0x0000000089800000, 0x0000000100000000)
  region size 1024K, 3 young (3072K), 2 survivors (2048K)
 Metaspace       used 32245K, committed 32512K, reserved 1114112K
  class space    used 4555K, committed 4672K, reserved 1048576K
}
Event: 18.809 GC heap after
{Heap after GC invocations=32 (full 0):
 garbage-first heap   total 155648K, used 96108K [0x0000000089800000, 0x0000000100000000)
  region size 1024K, 2 young (2048K), 2 survivors (2048K)
 Metaspace       used 32245K, committed 32512K, reserved 1114112K
  class space    used 4555K, committed 4672K, reserved 1048576K
}
Event: 18.855 GC heap before
{Heap before GC invocations=33 (full 0):
 garbage-first heap   total 171008K, used 101228K [0x0000000089800000, 0x0000000100000000)
  region size 1024K, 3 young (3072K), 2 survivors (2048K)
 Metaspace       used 32245K, committed 32512K, reserved 1114112K
  class space    used 4555K, committed 4672K, reserved 1048576K
}
Event: 18.857 GC heap after
{Heap after GC invocations=34 (full 0):
 garbage-first heap   total 171008K, used 100560K [0x0000000089800000, 0x0000000100000000)
  region size 1024K, 2 young (2048K), 2 survivors (2048K)
 Metaspace       used 32245K, committed 32512K, reserved 1114112K
  class space    used 4555K, committed 4672K, reserved 1048576K
}
Event: 20.607 GC heap before
{Heap before GC invocations=35 (full 0):
 garbage-first heap   total 179200K, used 108752K [0x0000000089800000, 0x0000000100000000)
  region size 1024K, 6 young (6144K), 2 survivors (2048K)
 Metaspace       used 32311K, committed 32576K, reserved 1114112K
  class space    used 4555K, committed 4672K, reserved 1048576K
}
Event: 20.609 GC heap after
{Heap after GC invocations=36 (full 0):
 garbage-first heap   total 179200K, used 106310K [0x0000000089800000, 0x0000000100000000)
  region size 1024K, 2 young (2048K), 2 survivors (2048K)
 Metaspace       used 32311K, committed 32576K, reserved 1114112K
  class space    used 4555K, committed 4672K, reserved 1048576K
}
Event: 24.082 GC heap before
{Heap before GC invocations=37 (full 0):
 garbage-first heap   total 188416K, used 114502K [0x0000000089800000, 0x0000000100000000)
  region size 1024K, 6 young (6144K), 2 survivors (2048K)
 Metaspace       used 32707K, committed 32960K, reserved 1114112K
  class space    used 4599K, committed 4736K, reserved 1048576K
}
Event: 24.084 GC heap after
{Heap after GC invocations=38 (full 0):
 garbage-first heap   total 188416K, used 112492K [0x0000000089800000, 0x0000000100000000)
  region size 1024K, 3 young (3072K), 3 survivors (3072K)
 Metaspace       used 32707K, committed 32960K, reserved 1114112K
  class space    used 4599K, committed 4736K, reserved 1048576K
}
Event: 24.766 GC heap before
{Heap before GC invocations=39 (full 0):
 garbage-first heap   total 193536K, used 126828K [0x0000000089800000, 0x0000000100000000)
  region size 1024K, 17 young (17408K), 3 survivors (3072K)
 Metaspace       used 35368K, committed 35648K, reserved 1114112K
  class space    used 4985K, committed 5120K, reserved 1048576K
}
Event: 24.770 GC heap after
{Heap after GC invocations=40 (full 0):
 garbage-first heap   total 193536K, used 115752K [0x0000000089800000, 0x0000000100000000)
  region size 1024K, 5 young (5120K), 5 survivors (5120K)
 Metaspace       used 35368K, committed 35648K, reserved 1114112K
  class space    used 4985K, committed 5120K, reserved 1048576K
}

