# JRE version: OpenJDK Runtime Environment Microsoft-13106358 (17.0.18+8) (build 17.0.18+8-LTS)
# Java VM: OpenJDK 64-Bit Server VM Microsoft-13106358 (17.0.18+8-LTS, mixed mode, sharing, tiered, compressed oops, compressed class ptrs, g1 gc, windows-amd64)
GC Precious Log:
 CPUs: 12 total, 12 available
 Memory: 7583M
 Large Page Support: Disabled
 NUMA Support: Disabled
 Compressed Oops: Enabled (32-bit)
 Heap Region Size: 1M
 Heap Min Capacity: 8M
 Heap Initial Capacity: 120M
 Heap Max Capacity: 1896M
 Pre-touch: Disabled
 Parallel Workers: 10
 Concurrent Workers: 3
 Concurrent Refinement Workers: 10
 Periodic GC: Disabled
Heap:
 garbage-first heap   total 132096K, used 54635K [0x0000000089800000, 0x0000000100000000)
  region size 1024K, 2 young (2048K), 2 survivors (2048K)
 Metaspace       used 29815K, committed 30080K, reserved 1114112K
  class space    used 3931K, committed 4032K, reserved 1048576K
GC Heap History (20 events):
Event: 11.267 GC heap after
{Heap after GC invocations=8 (full 0):
 garbage-first heap   total 70656K, used 37081K [0x0000000089800000, 0x0000000100000000)
  region size 1024K, 1 young (1024K), 1 survivors (1024K)
 Metaspace       used 25177K, committed 25408K, reserved 1114112K
  class space    used 3496K, committed 3648K, reserved 1048576K
}
Event: 15.611 GC heap before
{Heap before GC invocations=9 (full 0):
 garbage-first heap   total 81920K, used 63705K [0x0000000089800000, 0x0000000100000000)
  region size 1024K, 12 young (12288K), 1 survivors (1024K)
 Metaspace       used 28696K, committed 28992K, reserved 1114112K
  class space    used 3841K, committed 3968K, reserved 1048576K
}
Event: 15.615 GC heap after
{Heap after GC invocations=10 (full 0):
 garbage-first heap   total 81920K, used 50425K [0x0000000089800000, 0x0000000100000000)
  region size 1024K, 2 young (2048K), 2 survivors (2048K)
 Metaspace       used 28696K, committed 28992K, reserved 1114112K
  class space    used 3841K, committed 3968K, reserved 1048576K
}
Event: 15.722 GC heap before
{Heap before GC invocations=11 (full 0):
 garbage-first heap   total 91136K, used 52473K [0x0000000089800000, 0x0000000100000000)
  region size 1024K, 4 young (4096K), 2 survivors (2048K)
 Metaspace       used 28907K, committed 29184K, reserved 1114112K
  class space    used 3860K, committed 3968K, reserved 1048576K
}
Event: 15.724 GC heap after
{Heap after GC invocations=12 (full 0):
 garbage-first heap   total 109568K, used 50447K [0x0000000089800000, 0x0000000100000000)
  region size 1024K, 2 young (2048K), 2 survivors (2048K)
 Metaspace       used 28907K, committed 29184K, reserved 1114112K
  class space    used 3860K, committed 3968K, reserved 1048576K
}
Event: 15.782 GC heap before
{Heap before GC invocations=13 (full 0):
 garbage-first heap   total 109568K, used 54543K [0x0000000089800000, 0x0000000100000000)
  region size 1024K, 4 young (4096K), 2 survivors (2048K)
 Metaspace       used 29417K, committed 29696K, reserved 1114112K
  class space    used 3915K, committed 4032K, reserved 1048576K
}
Event: 15.785 GC heap after
{Heap after GC invocations=14 (full 0):
 garbage-first heap   total 109568K, used 53619K [0x0000000089800000, 0x0000000100000000)
  region size 1024K, 2 young (2048K), 2 survivors (2048K)
 Metaspace       used 29417K, committed 29696K, reserved 1114112K
  class space    used 3915K, committed 4032K, reserved 1048576K
}
Event: 17.418 GC heap before
{Heap before GC invocations=15 (full 0):
 garbage-first heap   total 109568K, used 59763K [0x0000000089800000, 0x0000000100000000)
  region size 1024K, 8 young (8192K), 2 survivors (2048K)
 Metaspace       used 29814K, committed 30080K, reserved 1114112K
  class space    used 3931K, committed 4032K, reserved 1048576K
}
Event: 17.420 GC heap after
{Heap after GC invocations=16 (full 0):
 garbage-first heap   total 109568K, used 54649K [0x0000000089800000, 0x0000000100000000)
  region size 1024K, 2 young (2048K), 2 survivors (2048K)
 Metaspace       used 29814K, committed 30080K, reserved 1114112K
  class space    used 3931K, committed 4032K, reserved 1048576K
}
Event: 17.478 GC heap before
{Heap before GC invocations=17 (full 0):
 garbage-first heap   total 109568K, used 60793K [0x0000000089800000, 0x0000000100000000)
  region size 1024K, 5 young (5120K), 2 survivors (2048K)
 Metaspace       used 29815K, committed 30080K, reserved 1114112K
  class space    used 3931K, committed 4032K, reserved 1048576K
}
Event: 17.480 GC heap after
{Heap after GC invocations=18 (full 0):
 garbage-first heap   total 109568K, used 54941K [0x0000000089800000, 0x0000000100000000)
  region size 1024K, 2 young (2048K), 2 survivors (2048K)
 Metaspace       used 29815K, committed 30080K, reserved 1114112K
  class space    used 3931K, committed 4032K, reserved 1048576K
}
Event: 17.530 GC heap before
{Heap before GC invocations=19 (full 0):
 garbage-first heap   total 109568K, used 61085K [0x0000000089800000, 0x0000000100000000)
  region size 1024K, 4 young (4096K), 2 survivors (2048K)
 Metaspace       used 29815K, committed 30080K, reserved 1114112K
  class space    used 3931K, committed 4032K, reserved 1048576K
}
Event: 17.552 GC heap after
{Heap after GC invocations=20 (full 0):
 garbage-first heap   total 132096K, used 54971K [0x0000000089800000, 0x0000000100000000)
  region size 1024K, 2 young (2048K), 2 survivors (2048K)
 Metaspace       used 29815K, committed 30080K, reserved 1114112K
  class space    used 3931K, committed 4032K, reserved 1048576K
}
Event: 17.593 GC heap before
{Heap before GC invocations=20 (full 0):
 garbage-first heap   total 132096K, used 61115K [0x0000000089800000, 0x0000000100000000)
  region size 1024K, 5 young (5120K), 2 survivors (2048K)
 Metaspace       used 29815K, committed 30080K, reserved 1114112K
  class space    used 3931K, committed 4032K, reserved 1048576K
}
Event: 17.596 GC heap after
{Heap after GC invocations=21 (full 0):
 garbage-first heap   total 132096K, used 54605K [0x0000000089800000, 0x0000000100000000)
  region size 1024K, 2 young (2048K), 2 survivors (2048K)
 Metaspace       used 29815K, committed 30080K, reserved 1114112K
  class space    used 3931K, committed 4032K, reserved 1048576K
}
Event: 17.654 GC heap before
{Heap before GC invocations=21 (full 0):
 garbage-first heap   total 132096K, used 60749K [0x0000000089800000, 0x0000000100000000)
  region size 1024K, 5 young (5120K), 2 survivors (2048K)
 Metaspace       used 29815K, committed 30080K, reserved 1114112K
  class space    used 3931K, committed 4032K, reserved 1048576K
}
Event: 17.656 GC heap after
{Heap after GC invocations=22 (full 0):
 garbage-first heap   total 132096K, used 54635K [0x0000000089800000, 0x0000000100000000)
  region size 1024K, 2 young (2048K), 2 survivors (2048K)
 Metaspace       used 29815K, committed 30080K, reserved 1114112K
  class space    used 3931K, committed 4032K, reserved 1048576K
}
Event: 17.689 GC heap before
{Heap before GC invocations=22 (full 0):
 garbage-first heap   total 132096K, used 60779K [0x0000000089800000, 0x0000000100000000)
  region size 1024K, 5 young (5120K), 2 survivors (2048K)
 Metaspace       used 29815K, committed 30080K, reserved 1114112K
  class space    used 3931K, committed 4032K, reserved 1048576K
}
Event: 17.691 GC heap after
{Heap after GC invocations=23 (full 0):
 garbage-first heap   total 132096K, used 54604K [0x0000000089800000, 0x0000000100000000)
  region size 1024K, 2 young (2048K), 2 survivors (2048K)
 Metaspace       used 29815K, committed 30080K, reserved 1114112K
  class space    used 3931K, committed 4032K, reserved 1048576K
}
Event: 17.724 GC heap before
{Heap before GC invocations=23 (full 0):
 garbage-first heap   total 132096K, used 60748K [0x0000000089800000, 0x0000000100000000)
  region size 1024K, 5 young (5120K), 2 survivors (2048K)
 Metaspace       used 29815K, committed 30080K, reserved 1114112K
  class space    used 3931K, committed 4032K, reserved 1048576K
}

