# JRE version: OpenJDK Runtime Environment Microsoft-13106358 (17.0.18+8) (build 17.0.18+8-LTS)
# Java VM: OpenJDK 64-Bit Server VM Microsoft-13106358 (17.0.18+8-LTS, mixed mode, sharing, tiered, compressed oops, compressed class ptrs, g1 gc, windows-amd64)
GC Precious Log:
 CPUs: 12 total, 12 available
 Memory: 7583M
 Large Page Support: Disabled
 NUMA Support: Disabled
 Compressed Oops: Enabled (32-bit)
 Heap Region Size: 1M
 Heap Min Capacity: 8M
 Heap Initial Capacity: 120M
 Heap Max Capacity: 1896M
 Pre-touch: Disabled
 Parallel Workers: 10
 Concurrent Workers: 3
 Concurrent Refinement Workers: 10
 Periodic GC: Disabled
Heap:
 garbage-first heap   total 119808K, used 71003K [0x0000000089800000, 0x0000000100000000)
  region size 1024K, 2 young (2048K), 1 survivors (1024K)
 Metaspace       used 29134K, committed 29440K, reserved 1114112K
  class space    used 4066K, committed 4224K, reserved 1048576K
GC Heap History (20 events):
Event: 15.359 GC heap before
{Heap before GC invocations=6 (full 0):
 garbage-first heap   total 49152K, used 35418K [0x0000000089800000, 0x0000000100000000)
  region size 1024K, 11 young (11264K), 1 survivors (1024K)
 Metaspace       used 26005K, committed 26240K, reserved 1114112K
  class space    used 3674K, committed 3776K, reserved 1048576K
}
Event: 15.361 GC heap after
{Heap after GC invocations=7 (full 0):
 garbage-first heap   total 49152K, used 26364K [0x0000000089800000, 0x0000000100000000)
  region size 1024K, 2 young (2048K), 2 survivors (2048K)
 Metaspace       used 26005K, committed 26240K, reserved 1114112K
  class space    used 3674K, committed 3776K, reserved 1048576K
}
Event: 15.706 GC heap before
{Heap before GC invocations=8 (full 0):
 garbage-first heap   total 49152K, used 38652K [0x0000000089800000, 0x0000000100000000)
  region size 1024K, 12 young (12288K), 2 survivors (2048K)
 Metaspace       used 26785K, committed 27072K, reserved 1114112K
  class space    used 3783K, committed 3904K, reserved 1048576K
}
Event: 15.709 GC heap after
{Heap after GC invocations=9 (full 0):
 garbage-first heap   total 49152K, used 32180K [0x0000000089800000, 0x0000000100000000)
  region size 1024K, 2 young (2048K), 2 survivors (2048K)
 Metaspace       used 26785K, committed 27072K, reserved 1114112K
  class space    used 3783K, committed 3904K, reserved 1048576K
}
Event: 15.939 GC heap before
{Heap before GC invocations=9 (full 0):
 garbage-first heap   total 52224K, used 46516K [0x0000000089800000, 0x0000000100000000)
  region size 1024K, 3 young (3072K), 2 survivors (2048K)
 Metaspace       used 26885K, committed 27136K, reserved 1114112K
  class space    used 3792K, committed 3904K, reserved 1048576K
}
Event: 15.941 GC heap after
{Heap after GC invocations=10 (full 0):
 garbage-first heap   total 68608K, used 45874K [0x0000000089800000, 0x0000000100000000)
  region size 1024K, 1 young (1024K), 1 survivors (1024K)
 Metaspace       used 26885K, committed 27136K, reserved 1114112K
  class space    used 3792K, committed 3904K, reserved 1048576K
}
Event: 15.981 GC heap before
{Heap before GC invocations=10 (full 0):
 garbage-first heap   total 68608K, used 45874K [0x0000000089800000, 0x0000000100000000)
  region size 1024K, 2 young (2048K), 1 survivors (1024K)
 Metaspace       used 27031K, committed 27328K, reserved 1114112K
  class space    used 3806K, committed 3968K, reserved 1048576K
}
Event: 15.983 GC heap after
{Heap after GC invocations=11 (full 0):
 garbage-first heap   total 68608K, used 45952K [0x0000000089800000, 0x0000000100000000)
  region size 1024K, 1 young (1024K), 1 survivors (1024K)
 Metaspace       used 27031K, committed 27328K, reserved 1114112K
  class space    used 3806K, committed 3968K, reserved 1048576K
}
Event: 16.024 GC heap before
{Heap before GC invocations=12 (full 0):
 garbage-first heap   total 75776K, used 42880K [0x0000000089800000, 0x0000000100000000)
  region size 1024K, 2 young (2048K), 1 survivors (1024K)
 Metaspace       used 27031K, committed 27328K, reserved 1114112K
  class space    used 3806K, committed 3968K, reserved 1048576K
}
Event: 16.025 GC heap after
{Heap after GC invocations=13 (full 0):
 garbage-first heap   total 75776K, used 42858K [0x0000000089800000, 0x0000000100000000)
  region size 1024K, 1 young (1024K), 1 survivors (1024K)
 Metaspace       used 27031K, committed 27328K, reserved 1114112K
  class space    used 3806K, committed 3968K, reserved 1048576K
}
Event: 18.459 GC heap before
{Heap before GC invocations=14 (full 0):
 garbage-first heap   total 76800K, used 58218K [0x0000000089800000, 0x0000000100000000)
  region size 1024K, 16 young (16384K), 1 survivors (1024K)
 Metaspace       used 28408K, committed 28736K, reserved 1114112K
  class space    used 4007K, committed 4160K, reserved 1048576K
}
Event: 18.464 GC heap after
{Heap after GC invocations=15 (full 0):
 garbage-first heap   total 76800K, used 46178K [0x0000000089800000, 0x0000000100000000)
  region size 1024K, 2 young (2048K), 2 survivors (2048K)
 Metaspace       used 28408K, committed 28736K, reserved 1114112K
  class space    used 4007K, committed 4160K, reserved 1048576K
}
Event: 18.777 GC heap before
{Heap before GC invocations=15 (full 0):
 garbage-first heap   total 76800K, used 60514K [0x0000000089800000, 0x0000000100000000)
  region size 1024K, 16 young (16384K), 2 survivors (2048K)
 Metaspace       used 28866K, committed 29184K, reserved 1114112K
  class space    used 4064K, committed 4224K, reserved 1048576K
}
Event: 18.783 GC heap after
{Heap after GC invocations=16 (full 0):
 garbage-first heap   total 76800K, used 50167K [0x0000000089800000, 0x0000000100000000)
  region size 1024K, 2 young (2048K), 2 survivors (2048K)
 Metaspace       used 28866K, committed 29184K, reserved 1114112K
  class space    used 4064K, committed 4224K, reserved 1048576K
}
Event: 19.018 GC heap before
{Heap before GC invocations=17 (full 0):
 garbage-first heap   total 87040K, used 60407K [0x0000000089800000, 0x0000000100000000)
  region size 1024K, 13 young (13312K), 2 survivors (2048K)
 Metaspace       used 29063K, committed 29376K, reserved 1114112K
  class space    used 4064K, committed 4224K, reserved 1048576K
}
Event: 19.027 GC heap after
{Heap after GC invocations=18 (full 0):
 garbage-first heap   total 87040K, used 54260K [0x0000000089800000, 0x0000000100000000)
  region size 1024K, 2 young (2048K), 2 survivors (2048K)
 Metaspace       used 29063K, committed 29376K, reserved 1114112K
  class space    used 4064K, committed 4224K, reserved 1048576K
}
Event: 23.705 GC heap before
{Heap before GC invocations=19 (full 0):
 garbage-first heap   total 96256K, used 57332K [0x0000000089800000, 0x0000000100000000)
  region size 1024K, 4 young (4096K), 2 survivors (2048K)
 Metaspace       used 29134K, committed 29440K, reserved 1114112K
  class space    used 4066K, committed 4224K, reserved 1048576K
}
Event: 23.709 GC heap after
{Heap after GC invocations=20 (full 0):
 garbage-first heap   total 96256K, used 56943K [0x0000000089800000, 0x0000000100000000)
  region size 1024K, 1 young (1024K), 1 survivors (1024K)
 Metaspace       used 29134K, committed 29440K, reserved 1114112K
  class space    used 4066K, committed 4224K, reserved 1048576K
}
Event: 23.793 GC heap before
{Heap before GC invocations=21 (full 0):
 garbage-first heap   total 119808K, used 69231K [0x0000000089800000, 0x0000000100000000)
  region size 1024K, 2 young (2048K), 1 survivors (1024K)
 Metaspace       used 29134K, committed 29440K, reserved 1114112K
  class space    used 4066K, committed 4224K, reserved 1048576K
}
Event: 23.796 GC heap after
{Heap after GC invocations=22 (full 0):
 garbage-first heap   total 119808K, used 68955K [0x0000000089800000, 0x0000000100000000)
  region size 1024K, 1 young (1024K), 1 survivors (1024K)
 Metaspace       used 29134K, committed 29440K, reserved 1114112K
  class space    used 4066K, committed 4224K, reserved 1048576K
}

