# JRE version: OpenJDK Runtime Environment Microsoft-13106358 (17.0.18+8) (build 17.0.18+8-LTS)
# Java VM: OpenJDK 64-Bit Server VM Microsoft-13106358 (17.0.18+8-LTS, mixed mode, sharing, tiered, compressed oops, compressed class ptrs, g1 gc, windows-amd64)
GC Precious Log:
 CPUs: 12 total, 12 available
 Memory: 7583M
 Large Page Support: Disabled
 NUMA Support: Disabled
 Compressed Oops: Enabled (32-bit)
 Heap Region Size: 1M
 Heap Min Capacity: 8M
 Heap Initial Capacity: 120M
 Heap Max Capacity: 1896M
 Pre-touch: Disabled
 Parallel Workers: 10
 Concurrent Workers: 3
 Concurrent Refinement Workers: 10
 Periodic GC: Disabled
Heap:
 garbage-first heap   total 47104K, used 43823K [0x0000000089800000, 0x0000000100000000)
  region size 1024K, 11 young (11264K), 1 survivors (1024K)
 Metaspace       used 23252K, committed 23488K, reserved 1114112K
  class space    used 3227K, committed 3328K, reserved 1048576K
GC Heap History (7 events):
Event: 1.086 GC heap before
{Heap before GC invocations=0 (full 0):
 garbage-first heap   total 122880K, used 22528K [0x0000000089800000, 0x0000000100000000)
  region size 1024K, 23 young (23552K), 0 survivors (0K)
 Metaspace       used 4192K, committed 4352K, reserved 1114112K
  class space    used 505K, committed 576K, reserved 1048576K
}
Event: 1.090 GC heap after
{Heap after GC invocations=1 (full 0):
 garbage-first heap   total 122880K, used 3099K [0x0000000089800000, 0x0000000100000000)
  region size 1024K, 3 young (3072K), 3 survivors (3072K)
 Metaspace       used 4192K, committed 4352K, reserved 1114112K
  class space    used 505K, committed 576K, reserved 1048576K
}
Event: 2.868 GC heap before
{Heap before GC invocations=1 (full 0):
 garbage-first heap   total 122880K, used 35867K [0x0000000089800000, 0x0000000100000000)
  region size 1024K, 35 young (35840K), 3 survivors (3072K)
 Metaspace       used 15172K, committed 15488K, reserved 1114112K
  class space    used 1782K, committed 1920K, reserved 1048576K
}
Event: 2.877 GC heap after
{Heap after GC invocations=2 (full 0):
 garbage-first heap   total 122880K, used 7944K [0x0000000089800000, 0x0000000100000000)
  region size 1024K, 5 young (5120K), 5 survivors (5120K)
 Metaspace       used 15172K, committed 15488K, reserved 1114112K
  class space    used 1782K, committed 1920K, reserved 1048576K
}
Event: 3.705 GC heap before
{Heap before GC invocations=2 (full 0):
 garbage-first heap   total 122880K, used 32520K [0x0000000089800000, 0x0000000100000000)
  region size 1024K, 30 young (30720K), 5 survivors (5120K)
 Metaspace       used 21283K, committed 21504K, reserved 1114112K
  class space    used 3028K, committed 3136K, reserved 1048576K
}
Event: 3.712 GC heap after
{Heap after GC invocations=3 (full 0):
 garbage-first heap   total 122880K, used 11055K [0x0000000089800000, 0x0000000100000000)
  region size 1024K, 4 young (4096K), 4 survivors (4096K)
 Metaspace       used 21283K, committed 21504K, reserved 1114112K
  class space    used 3028K, committed 3136K, reserved 1048576K
}
Event: 9.932 GC heap before
{Heap before GC invocations=4 (full 0):
 garbage-first heap   total 45056K, used 43823K [0x0000000089800000, 0x0000000100000000)
  region size 1024K, 14 young (14336K), 4 survivors (4096K)
 Metaspace       used 23252K, committed 23488K, reserved 1114112K
  class space    used 3227K, committed 3328K, reserved 1048576K
}

